{"/Users/liuzt/Documents/LZT/ZTStory GitHub/GeekUniversity/vue-demo/src/add.js": {"path":"/Users/liuzt/Documents/LZT/ZTStory GitHub/GeekUniversity/vue-demo/src/add.js","statementMap":{"0":{"start":{"line":2,"column":4},"end":{"line":2,"column":17}}},"fnMap":{"0":{"name":"add","decl":{"start":{"line":1,"column":16},"end":{"line":1,"column":19}},"loc":{"start":{"line":1,"column":26},"end":{"line":3,"column":1}},"line":1}},"branchMap":{},"s":{"0":1},"f":{"0":1},"b":{},"_coverageSchema":"1a1c01bbd47fc00a2c39e90264f33305004495a9","hash":"da9cfa39ce06c809085c8b4df49935ce94317860"}
}
