{"/Users/liuzt/Documents/LZT/ZTStory GitHub/GeekUniversity/test-project/parser.js": {"path":"/Users/liuzt/Documents/LZT/ZTStory GitHub/GeekUniversity/test-project/parser.js","statementMap":{"0":{"start":{"line":2,"column":19},"end":{"line":2,"column":23}},"1":{"start":{"line":4,"column":22},"end":{"line":4,"column":26}},"2":{"start":{"line":6,"column":23},"end":{"line":6,"column":27}},"3":{"start":{"line":13,"column":14},"end":{"line":13,"column":37}},"4":{"start":{"line":15,"column":4},"end":{"line":64,"column":5}},"5":{"start":{"line":17,"column":8},"end":{"line":53,"column":9}},"6":{"start":{"line":18,"column":26},"end":{"line":22,"column":13}},"7":{"start":{"line":23,"column":12},"end":{"line":23,"column":44}},"8":{"start":{"line":25,"column":12},"end":{"line":32,"column":13}},"9":{"start":{"line":26,"column":16},"end":{"line":31,"column":17}},"10":{"start":{"line":27,"column":20},"end":{"line":30,"column":23}},"11":{"start":{"line":34,"column":12},"end":{"line":34,"column":39}},"12":{"start":{"line":35,"column":12},"end":{"line":35,"column":33}},"13":{"start":{"line":38,"column":12},"end":{"line":40,"column":13}},"14":{"start":{"line":39,"column":16},"end":{"line":39,"column":36}},"15":{"start":{"line":41,"column":15},"end":{"line":53,"column":9}},"16":{"start":{"line":43,"column":12},"end":{"line":52,"column":13}},"17":{"start":{"line":45,"column":16},"end":{"line":45,"column":78}},"18":{"start":{"line":47,"column":16},"end":{"line":49,"column":17}},"19":{"start":{"line":51,"column":16},"end":{"line":51,"column":28}},"20":{"start":{"line":54,"column":8},"end":{"line":54,"column":31}},"21":{"start":{"line":56,"column":8},"end":{"line":62,"column":9}},"22":{"start":{"line":57,"column":12},"end":{"line":60,"column":14}},"23":{"start":{"line":61,"column":12},"end":{"line":61,"column":47}},"24":{"start":{"line":63,"column":8},"end":{"line":63,"column":49}},"25":{"start":{"line":68,"column":12},"end":{"line":68,"column":25}},"26":{"start":{"line":72,"column":4},"end":{"line":88,"column":5}},"27":{"start":{"line":74,"column":8},"end":{"line":74,"column":23}},"28":{"start":{"line":75,"column":11},"end":{"line":88,"column":5}},"29":{"start":{"line":77,"column":8},"end":{"line":79,"column":11}},"30":{"start":{"line":80,"column":8},"end":{"line":80,"column":15}},"31":{"start":{"line":83,"column":8},"end":{"line":86,"column":11}},"32":{"start":{"line":87,"column":8},"end":{"line":87,"column":20}},"33":{"start":{"line":92,"column":4},"end":{"line":108,"column":5}},"34":{"start":{"line":94,"column":8},"end":{"line":94,"column":26}},"35":{"start":{"line":95,"column":11},"end":{"line":108,"column":5}},"36":{"start":{"line":96,"column":8},"end":{"line":99,"column":10}},"37":{"start":{"line":101,"column":8},"end":{"line":101,"column":26}},"38":{"start":{"line":103,"column":8},"end":{"line":106,"column":11}},"39":{"start":{"line":107,"column":8},"end":{"line":107,"column":20}},"40":{"start":{"line":113,"column":4},"end":{"line":130,"column":5}},"41":{"start":{"line":115,"column":8},"end":{"line":115,"column":35}},"42":{"start":{"line":116,"column":11},"end":{"line":130,"column":5}},"43":{"start":{"line":118,"column":8},"end":{"line":118,"column":36}},"44":{"start":{"line":119,"column":11},"end":{"line":130,"column":5}},"45":{"start":{"line":120,"column":8},"end":{"line":120,"column":34}},"46":{"start":{"line":122,"column":8},"end":{"line":122,"column":23}},"47":{"start":{"line":123,"column":11},"end":{"line":130,"column":5}},"48":{"start":{"line":125,"column":8},"end":{"line":125,"column":27}},"49":{"start":{"line":126,"column":8},"end":{"line":126,"column":20}},"50":{"start":{"line":128,"column":8},"end":{"line":128,"column":56}},"51":{"start":{"line":129,"column":8},"end":{"line":129,"column":23}},"52":{"start":{"line":135,"column":4},"end":{"line":146,"column":5}},"53":{"start":{"line":136,"column":8},"end":{"line":136,"column":35}},"54":{"start":{"line":137,"column":11},"end":{"line":146,"column":5}},"55":{"start":{"line":138,"column":8},"end":{"line":138,"column":37}},"56":{"start":{"line":139,"column":11},"end":{"line":146,"column":5}},"57":{"start":{"line":141,"column":8},"end":{"line":144,"column":10}},"58":{"start":{"line":145,"column":8},"end":{"line":145,"column":32}},"59":{"start":{"line":151,"column":4},"end":{"line":160,"column":5}},"60":{"start":{"line":152,"column":8},"end":{"line":152,"column":37}},"61":{"start":{"line":153,"column":11},"end":{"line":160,"column":5}},"62":{"start":{"line":154,"column":8},"end":{"line":154,"column":36}},"63":{"start":{"line":155,"column":11},"end":{"line":160,"column":5}},"64":{"start":{"line":156,"column":11},"end":{"line":160,"column":5}},"65":{"start":{"line":158,"column":8},"end":{"line":158,"column":35}},"66":{"start":{"line":159,"column":8},"end":{"line":159,"column":29}},"67":{"start":{"line":165,"column":4},"end":{"line":174,"column":5}},"68":{"start":{"line":166,"column":8},"end":{"line":166,"column":39}},"69":{"start":{"line":167,"column":11},"end":{"line":174,"column":5}},"70":{"start":{"line":168,"column":8},"end":{"line":168,"column":42}},"71":{"start":{"line":169,"column":11},"end":{"line":174,"column":5}},"72":{"start":{"line":170,"column":8},"end":{"line":170,"column":42}},"73":{"start":{"line":171,"column":11},"end":{"line":174,"column":5}},"74":{"start":{"line":173,"column":8},"end":{"line":173,"column":41}},"75":{"start":{"line":179,"column":4},"end":{"line":187,"column":5}},"76":{"start":{"line":180,"column":8},"end":{"line":180,"column":69}},"77":{"start":{"line":181,"column":8},"end":{"line":181,"column":41}},"78":{"start":{"line":182,"column":11},"end":{"line":187,"column":5}},"79":{"start":{"line":183,"column":11},"end":{"line":187,"column":5}},"80":{"start":{"line":185,"column":8},"end":{"line":185,"column":36}},"81":{"start":{"line":186,"column":8},"end":{"line":186,"column":42}},"82":{"start":{"line":192,"column":4},"end":{"line":200,"column":5}},"83":{"start":{"line":193,"column":8},"end":{"line":193,"column":69}},"84":{"start":{"line":194,"column":8},"end":{"line":194,"column":41}},"85":{"start":{"line":195,"column":11},"end":{"line":200,"column":5}},"86":{"start":{"line":196,"column":11},"end":{"line":200,"column":5}},"87":{"start":{"line":198,"column":8},"end":{"line":198,"column":36}},"88":{"start":{"line":199,"column":8},"end":{"line":199,"column":42}},"89":{"start":{"line":205,"column":26},"end":{"line":205,"column":42}},"90":{"start":{"line":206,"column":4},"end":{"line":222,"column":5}},"91":{"start":{"line":207,"column":8},"end":{"line":207,"column":35}},"92":{"start":{"line":208,"column":8},"end":{"line":208,"column":35}},"93":{"start":{"line":209,"column":11},"end":{"line":222,"column":5}},"94":{"start":{"line":210,"column":8},"end":{"line":210,"column":35}},"95":{"start":{"line":211,"column":8},"end":{"line":211,"column":36}},"96":{"start":{"line":212,"column":11},"end":{"line":222,"column":5}},"97":{"start":{"line":213,"column":8},"end":{"line":213,"column":35}},"98":{"start":{"line":214,"column":8},"end":{"line":214,"column":27}},"99":{"start":{"line":215,"column":8},"end":{"line":215,"column":20}},"100":{"start":{"line":216,"column":11},"end":{"line":222,"column":5}},"101":{"start":{"line":217,"column":11},"end":{"line":222,"column":5}},"102":{"start":{"line":218,"column":11},"end":{"line":222,"column":5}},"103":{"start":{"line":220,"column":8},"end":{"line":220,"column":36}},"104":{"start":{"line":221,"column":8},"end":{"line":221,"column":38}},"105":{"start":{"line":227,"column":4},"end":{"line":238,"column":5}},"106":{"start":{"line":228,"column":8},"end":{"line":228,"column":35}},"107":{"start":{"line":229,"column":11},"end":{"line":238,"column":5}},"108":{"start":{"line":230,"column":8},"end":{"line":230,"column":36}},"109":{"start":{"line":231,"column":11},"end":{"line":238,"column":5}},"110":{"start":{"line":232,"column":8},"end":{"line":232,"column":69}},"111":{"start":{"line":233,"column":8},"end":{"line":233,"column":27}},"112":{"start":{"line":234,"column":8},"end":{"line":234,"column":20}},"113":{"start":{"line":235,"column":11},"end":{"line":238,"column":5}},"114":{"start":{"line":237,"column":8},"end":{"line":237,"column":59}},"115":{"start":{"line":243,"column":4},"end":{"line":250,"column":5}},"116":{"start":{"line":245,"column":8},"end":{"line":245,"column":43}},"117":{"start":{"line":246,"column":8},"end":{"line":246,"column":27}},"118":{"start":{"line":247,"column":8},"end":{"line":247,"column":20}},"119":{"start":{"line":248,"column":11},"end":{"line":250,"column":5}},"120":{"start":{"line":254,"column":4},"end":{"line":263,"column":5}},"121":{"start":{"line":255,"column":8},"end":{"line":258,"column":10}},"122":{"start":{"line":259,"column":8},"end":{"line":259,"column":26}},"123":{"start":{"line":260,"column":11},"end":{"line":263,"column":5}},"124":{"start":{"line":261,"column":11},"end":{"line":263,"column":5}},"125":{"start":{"line":268,"column":4},"end":{"line":286,"column":5}},"126":{"start":{"line":269,"column":8},"end":{"line":269,"column":34}},"127":{"start":{"line":270,"column":11},"end":{"line":286,"column":5}},"128":{"start":{"line":271,"column":8},"end":{"line":271,"column":36}},"129":{"start":{"line":272,"column":11},"end":{"line":286,"column":5}},"130":{"start":{"line":273,"column":8},"end":{"line":273,"column":36}},"131":{"start":{"line":274,"column":11},"end":{"line":286,"column":5}},"132":{"start":{"line":275,"column":8},"end":{"line":275,"column":69}},"133":{"start":{"line":276,"column":8},"end":{"line":276,"column":27}},"134":{"start":{"line":277,"column":8},"end":{"line":277,"column":20}},"135":{"start":{"line":278,"column":11},"end":{"line":286,"column":5}},"136":{"start":{"line":280,"column":8},"end":{"line":280,"column":69}},"137":{"start":{"line":281,"column":8},"end":{"line":284,"column":10}},"138":{"start":{"line":285,"column":8},"end":{"line":285,"column":32}},"139":{"start":{"line":290,"column":4},"end":{"line":290,"column":49}},"140":{"start":{"line":291,"column":4},"end":{"line":291,"column":24}},"141":{"start":{"line":292,"column":4},"end":{"line":292,"column":27}},"142":{"start":{"line":293,"column":4},"end":{"line":293,"column":28}},"143":{"start":{"line":295,"column":16},"end":{"line":295,"column":20}},"144":{"start":{"line":296,"column":4},"end":{"line":298,"column":5}},"145":{"start":{"line":297,"column":8},"end":{"line":297,"column":25}},"146":{"start":{"line":299,"column":4},"end":{"line":299,"column":23}},"147":{"start":{"line":300,"column":4},"end":{"line":300,"column":20}}},"fnMap":{"0":{"name":"emit","decl":{"start":{"line":11,"column":9},"end":{"line":11,"column":13}},"loc":{"start":{"line":11,"column":21},"end":{"line":65,"column":1}},"line":11},"1":{"name":"data","decl":{"start":{"line":71,"column":9},"end":{"line":71,"column":13}},"loc":{"start":{"line":71,"column":17},"end":{"line":89,"column":1}},"line":71},"2":{"name":"tagOpen","decl":{"start":{"line":91,"column":9},"end":{"line":91,"column":16}},"loc":{"start":{"line":91,"column":20},"end":{"line":109,"column":1}},"line":91},"3":{"name":"tagName","decl":{"start":{"line":112,"column":9},"end":{"line":112,"column":16}},"loc":{"start":{"line":112,"column":20},"end":{"line":131,"column":1}},"line":112},"4":{"name":"beforeAttributeName","decl":{"start":{"line":134,"column":9},"end":{"line":134,"column":28}},"loc":{"start":{"line":134,"column":32},"end":{"line":147,"column":1}},"line":134},"5":{"name":"attributeName","decl":{"start":{"line":150,"column":9},"end":{"line":150,"column":22}},"loc":{"start":{"line":150,"column":26},"end":{"line":161,"column":1}},"line":150},"6":{"name":"beforeAttributeValue","decl":{"start":{"line":164,"column":9},"end":{"line":164,"column":29}},"loc":{"start":{"line":164,"column":33},"end":{"line":175,"column":1}},"line":164},"7":{"name":"doubleQuotedAttributeValue","decl":{"start":{"line":178,"column":9},"end":{"line":178,"column":35}},"loc":{"start":{"line":178,"column":39},"end":{"line":188,"column":1}},"line":178},"8":{"name":"singleQuotedAttributeValue","decl":{"start":{"line":191,"column":9},"end":{"line":191,"column":35}},"loc":{"start":{"line":191,"column":39},"end":{"line":201,"column":1}},"line":191},"9":{"name":"UnquotedAttributeValue","decl":{"start":{"line":204,"column":9},"end":{"line":204,"column":31}},"loc":{"start":{"line":204,"column":35},"end":{"line":223,"column":1}},"line":204},"10":{"name":"afterQuotedAttributeValue","decl":{"start":{"line":226,"column":9},"end":{"line":226,"column":34}},"loc":{"start":{"line":226,"column":38},"end":{"line":239,"column":1}},"line":226},"11":{"name":"selfCloseingStartTag","decl":{"start":{"line":242,"column":9},"end":{"line":242,"column":29}},"loc":{"start":{"line":242,"column":33},"end":{"line":251,"column":1}},"line":242},"12":{"name":"endTagOpen","decl":{"start":{"line":253,"column":9},"end":{"line":253,"column":19}},"loc":{"start":{"line":253,"column":23},"end":{"line":264,"column":1}},"line":253},"13":{"name":"afterAttributeName","decl":{"start":{"line":267,"column":9},"end":{"line":267,"column":27}},"loc":{"start":{"line":267,"column":31},"end":{"line":287,"column":1}},"line":267},"14":{"name":"parseHtml","decl":{"start":{"line":289,"column":16},"end":{"line":289,"column":25}},"loc":{"start":{"line":289,"column":32},"end":{"line":301,"column":1}},"line":289}},"branchMap":{"0":{"loc":{"start":{"line":15,"column":4},"end":{"line":64,"column":5}},"type":"if","locations":[{"start":{"line":15,"column":4},"end":{"line":64,"column":5}},{"start":{"line":15,"column":4},"end":{"line":64,"column":5}}],"line":15},"1":{"loc":{"start":{"line":17,"column":8},"end":{"line":53,"column":9}},"type":"if","locations":[{"start":{"line":17,"column":8},"end":{"line":53,"column":9}},{"start":{"line":17,"column":8},"end":{"line":53,"column":9}}],"line":17},"2":{"loc":{"start":{"line":26,"column":16},"end":{"line":31,"column":17}},"type":"if","locations":[{"start":{"line":26,"column":16},"end":{"line":31,"column":17}},{"start":{"line":26,"column":16},"end":{"line":31,"column":17}}],"line":26},"3":{"loc":{"start":{"line":26,"column":20},"end":{"line":26,"column":50}},"type":"binary-expr","locations":[{"start":{"line":26,"column":20},"end":{"line":26,"column":32}},{"start":{"line":26,"column":36},"end":{"line":26,"column":50}}],"line":26},"4":{"loc":{"start":{"line":38,"column":12},"end":{"line":40,"column":13}},"type":"if","locations":[{"start":{"line":38,"column":12},"end":{"line":40,"column":13}},{"start":{"line":38,"column":12},"end":{"line":40,"column":13}}],"line":38},"5":{"loc":{"start":{"line":41,"column":15},"end":{"line":53,"column":9}},"type":"if","locations":[{"start":{"line":41,"column":15},"end":{"line":53,"column":9}},{"start":{"line":41,"column":15},"end":{"line":53,"column":9}}],"line":41},"6":{"loc":{"start":{"line":43,"column":12},"end":{"line":52,"column":13}},"type":"if","locations":[{"start":{"line":43,"column":12},"end":{"line":52,"column":13}},{"start":{"line":43,"column":12},"end":{"line":52,"column":13}}],"line":43},"7":{"loc":{"start":{"line":47,"column":16},"end":{"line":49,"column":17}},"type":"if","locations":[{"start":{"line":47,"column":16},"end":{"line":49,"column":17}},{"start":{"line":47,"column":16},"end":{"line":49,"column":17}}],"line":47},"8":{"loc":{"start":{"line":56,"column":8},"end":{"line":62,"column":9}},"type":"if","locations":[{"start":{"line":56,"column":8},"end":{"line":62,"column":9}},{"start":{"line":56,"column":8},"end":{"line":62,"column":9}}],"line":56},"9":{"loc":{"start":{"line":72,"column":4},"end":{"line":88,"column":5}},"type":"if","locations":[{"start":{"line":72,"column":4},"end":{"line":88,"column":5}},{"start":{"line":72,"column":4},"end":{"line":88,"column":5}}],"line":72},"10":{"loc":{"start":{"line":75,"column":11},"end":{"line":88,"column":5}},"type":"if","locations":[{"start":{"line":75,"column":11},"end":{"line":88,"column":5}},{"start":{"line":75,"column":11},"end":{"line":88,"column":5}}],"line":75},"11":{"loc":{"start":{"line":92,"column":4},"end":{"line":108,"column":5}},"type":"if","locations":[{"start":{"line":92,"column":4},"end":{"line":108,"column":5}},{"start":{"line":92,"column":4},"end":{"line":108,"column":5}}],"line":92},"12":{"loc":{"start":{"line":95,"column":11},"end":{"line":108,"column":5}},"type":"if","locations":[{"start":{"line":95,"column":11},"end":{"line":108,"column":5}},{"start":{"line":95,"column":11},"end":{"line":108,"column":5}}],"line":95},"13":{"loc":{"start":{"line":113,"column":4},"end":{"line":130,"column":5}},"type":"if","locations":[{"start":{"line":113,"column":4},"end":{"line":130,"column":5}},{"start":{"line":113,"column":4},"end":{"line":130,"column":5}}],"line":113},"14":{"loc":{"start":{"line":116,"column":11},"end":{"line":130,"column":5}},"type":"if","locations":[{"start":{"line":116,"column":11},"end":{"line":130,"column":5}},{"start":{"line":116,"column":11},"end":{"line":130,"column":5}}],"line":116},"15":{"loc":{"start":{"line":119,"column":11},"end":{"line":130,"column":5}},"type":"if","locations":[{"start":{"line":119,"column":11},"end":{"line":130,"column":5}},{"start":{"line":119,"column":11},"end":{"line":130,"column":5}}],"line":119},"16":{"loc":{"start":{"line":123,"column":11},"end":{"line":130,"column":5}},"type":"if","locations":[{"start":{"line":123,"column":11},"end":{"line":130,"column":5}},{"start":{"line":123,"column":11},"end":{"line":130,"column":5}}],"line":123},"17":{"loc":{"start":{"line":135,"column":4},"end":{"line":146,"column":5}},"type":"if","locations":[{"start":{"line":135,"column":4},"end":{"line":146,"column":5}},{"start":{"line":135,"column":4},"end":{"line":146,"column":5}}],"line":135},"18":{"loc":{"start":{"line":137,"column":11},"end":{"line":146,"column":5}},"type":"if","locations":[{"start":{"line":137,"column":11},"end":{"line":146,"column":5}},{"start":{"line":137,"column":11},"end":{"line":146,"column":5}}],"line":137},"19":{"loc":{"start":{"line":137,"column":15},"end":{"line":137,"column":47}},"type":"binary-expr","locations":[{"start":{"line":137,"column":15},"end":{"line":137,"column":23}},{"start":{"line":137,"column":27},"end":{"line":137,"column":35}},{"start":{"line":137,"column":39},"end":{"line":137,"column":47}}],"line":137},"20":{"loc":{"start":{"line":139,"column":11},"end":{"line":146,"column":5}},"type":"if","locations":[{"start":{"line":139,"column":11},"end":{"line":146,"column":5}},{"start":{"line":139,"column":11},"end":{"line":146,"column":5}}],"line":139},"21":{"loc":{"start":{"line":151,"column":4},"end":{"line":160,"column":5}},"type":"if","locations":[{"start":{"line":151,"column":4},"end":{"line":160,"column":5}},{"start":{"line":151,"column":4},"end":{"line":160,"column":5}}],"line":151},"22":{"loc":{"start":{"line":151,"column":8},"end":{"line":151,"column":66}},"type":"binary-expr","locations":[{"start":{"line":151,"column":8},"end":{"line":151,"column":30}},{"start":{"line":151,"column":34},"end":{"line":151,"column":42}},{"start":{"line":151,"column":46},"end":{"line":151,"column":54}},{"start":{"line":151,"column":58},"end":{"line":151,"column":66}}],"line":151},"23":{"loc":{"start":{"line":153,"column":11},"end":{"line":160,"column":5}},"type":"if","locations":[{"start":{"line":153,"column":11},"end":{"line":160,"column":5}},{"start":{"line":153,"column":11},"end":{"line":160,"column":5}}],"line":153},"24":{"loc":{"start":{"line":155,"column":11},"end":{"line":160,"column":5}},"type":"if","locations":[{"start":{"line":155,"column":11},"end":{"line":160,"column":5}},{"start":{"line":155,"column":11},"end":{"line":160,"column":5}}],"line":155},"25":{"loc":{"start":{"line":156,"column":11},"end":{"line":160,"column":5}},"type":"if","locations":[{"start":{"line":156,"column":11},"end":{"line":160,"column":5}},{"start":{"line":156,"column":11},"end":{"line":160,"column":5}}],"line":156},"26":{"loc":{"start":{"line":156,"column":15},"end":{"line":156,"column":46}},"type":"binary-expr","locations":[{"start":{"line":156,"column":15},"end":{"line":156,"column":23}},{"start":{"line":156,"column":27},"end":{"line":156,"column":34}},{"start":{"line":156,"column":38},"end":{"line":156,"column":46}}],"line":156},"27":{"loc":{"start":{"line":165,"column":4},"end":{"line":174,"column":5}},"type":"if","locations":[{"start":{"line":165,"column":4},"end":{"line":174,"column":5}},{"start":{"line":165,"column":4},"end":{"line":174,"column":5}}],"line":165},"28":{"loc":{"start":{"line":167,"column":11},"end":{"line":174,"column":5}},"type":"if","locations":[{"start":{"line":167,"column":11},"end":{"line":174,"column":5}},{"start":{"line":167,"column":11},"end":{"line":174,"column":5}}],"line":167},"29":{"loc":{"start":{"line":169,"column":11},"end":{"line":174,"column":5}},"type":"if","locations":[{"start":{"line":169,"column":11},"end":{"line":174,"column":5}},{"start":{"line":169,"column":11},"end":{"line":174,"column":5}}],"line":169},"30":{"loc":{"start":{"line":171,"column":11},"end":{"line":174,"column":5}},"type":"if","locations":[{"start":{"line":171,"column":11},"end":{"line":174,"column":5}},{"start":{"line":171,"column":11},"end":{"line":174,"column":5}}],"line":171},"31":{"loc":{"start":{"line":179,"column":4},"end":{"line":187,"column":5}},"type":"if","locations":[{"start":{"line":179,"column":4},"end":{"line":187,"column":5}},{"start":{"line":179,"column":4},"end":{"line":187,"column":5}}],"line":179},"32":{"loc":{"start":{"line":182,"column":11},"end":{"line":187,"column":5}},"type":"if","locations":[{"start":{"line":182,"column":11},"end":{"line":187,"column":5}},{"start":{"line":182,"column":11},"end":{"line":187,"column":5}}],"line":182},"33":{"loc":{"start":{"line":183,"column":11},"end":{"line":187,"column":5}},"type":"if","locations":[{"start":{"line":183,"column":11},"end":{"line":187,"column":5}},{"start":{"line":183,"column":11},"end":{"line":187,"column":5}}],"line":183},"34":{"loc":{"start":{"line":192,"column":4},"end":{"line":200,"column":5}},"type":"if","locations":[{"start":{"line":192,"column":4},"end":{"line":200,"column":5}},{"start":{"line":192,"column":4},"end":{"line":200,"column":5}}],"line":192},"35":{"loc":{"start":{"line":195,"column":11},"end":{"line":200,"column":5}},"type":"if","locations":[{"start":{"line":195,"column":11},"end":{"line":200,"column":5}},{"start":{"line":195,"column":11},"end":{"line":200,"column":5}}],"line":195},"36":{"loc":{"start":{"line":196,"column":11},"end":{"line":200,"column":5}},"type":"if","locations":[{"start":{"line":196,"column":11},"end":{"line":200,"column":5}},{"start":{"line":196,"column":11},"end":{"line":200,"column":5}}],"line":196},"37":{"loc":{"start":{"line":206,"column":4},"end":{"line":222,"column":5}},"type":"if","locations":[{"start":{"line":206,"column":4},"end":{"line":222,"column":5}},{"start":{"line":206,"column":4},"end":{"line":222,"column":5}}],"line":206},"38":{"loc":{"start":{"line":209,"column":11},"end":{"line":222,"column":5}},"type":"if","locations":[{"start":{"line":209,"column":11},"end":{"line":222,"column":5}},{"start":{"line":209,"column":11},"end":{"line":222,"column":5}}],"line":209},"39":{"loc":{"start":{"line":212,"column":11},"end":{"line":222,"column":5}},"type":"if","locations":[{"start":{"line":212,"column":11},"end":{"line":222,"column":5}},{"start":{"line":212,"column":11},"end":{"line":222,"column":5}}],"line":212},"40":{"loc":{"start":{"line":216,"column":11},"end":{"line":222,"column":5}},"type":"if","locations":[{"start":{"line":216,"column":11},"end":{"line":222,"column":5}},{"start":{"line":216,"column":11},"end":{"line":222,"column":5}}],"line":216},"41":{"loc":{"start":{"line":217,"column":11},"end":{"line":222,"column":5}},"type":"if","locations":[{"start":{"line":217,"column":11},"end":{"line":222,"column":5}},{"start":{"line":217,"column":11},"end":{"line":222,"column":5}}],"line":217},"42":{"loc":{"start":{"line":217,"column":15},"end":{"line":217,"column":71}},"type":"binary-expr","locations":[{"start":{"line":217,"column":15},"end":{"line":217,"column":23}},{"start":{"line":217,"column":27},"end":{"line":217,"column":35}},{"start":{"line":217,"column":39},"end":{"line":217,"column":47}},{"start":{"line":217,"column":51},"end":{"line":217,"column":59}},{"start":{"line":217,"column":63},"end":{"line":217,"column":71}}],"line":217},"43":{"loc":{"start":{"line":218,"column":11},"end":{"line":222,"column":5}},"type":"if","locations":[{"start":{"line":218,"column":11},"end":{"line":222,"column":5}},{"start":{"line":218,"column":11},"end":{"line":222,"column":5}}],"line":218},"44":{"loc":{"start":{"line":227,"column":4},"end":{"line":238,"column":5}},"type":"if","locations":[{"start":{"line":227,"column":4},"end":{"line":238,"column":5}},{"start":{"line":227,"column":4},"end":{"line":238,"column":5}}],"line":227},"45":{"loc":{"start":{"line":229,"column":11},"end":{"line":238,"column":5}},"type":"if","locations":[{"start":{"line":229,"column":11},"end":{"line":238,"column":5}},{"start":{"line":229,"column":11},"end":{"line":238,"column":5}}],"line":229},"46":{"loc":{"start":{"line":231,"column":11},"end":{"line":238,"column":5}},"type":"if","locations":[{"start":{"line":231,"column":11},"end":{"line":238,"column":5}},{"start":{"line":231,"column":11},"end":{"line":238,"column":5}}],"line":231},"47":{"loc":{"start":{"line":235,"column":11},"end":{"line":238,"column":5}},"type":"if","locations":[{"start":{"line":235,"column":11},"end":{"line":238,"column":5}},{"start":{"line":235,"column":11},"end":{"line":238,"column":5}}],"line":235},"48":{"loc":{"start":{"line":243,"column":4},"end":{"line":250,"column":5}},"type":"if","locations":[{"start":{"line":243,"column":4},"end":{"line":250,"column":5}},{"start":{"line":243,"column":4},"end":{"line":250,"column":5}}],"line":243},"49":{"loc":{"start":{"line":248,"column":11},"end":{"line":250,"column":5}},"type":"if","locations":[{"start":{"line":248,"column":11},"end":{"line":250,"column":5}},{"start":{"line":248,"column":11},"end":{"line":250,"column":5}}],"line":248},"50":{"loc":{"start":{"line":254,"column":4},"end":{"line":263,"column":5}},"type":"if","locations":[{"start":{"line":254,"column":4},"end":{"line":263,"column":5}},{"start":{"line":254,"column":4},"end":{"line":263,"column":5}}],"line":254},"51":{"loc":{"start":{"line":260,"column":11},"end":{"line":263,"column":5}},"type":"if","locations":[{"start":{"line":260,"column":11},"end":{"line":263,"column":5}},{"start":{"line":260,"column":11},"end":{"line":263,"column":5}}],"line":260},"52":{"loc":{"start":{"line":261,"column":11},"end":{"line":263,"column":5}},"type":"if","locations":[{"start":{"line":261,"column":11},"end":{"line":263,"column":5}},{"start":{"line":261,"column":11},"end":{"line":263,"column":5}}],"line":261},"53":{"loc":{"start":{"line":268,"column":4},"end":{"line":286,"column":5}},"type":"if","locations":[{"start":{"line":268,"column":4},"end":{"line":286,"column":5}},{"start":{"line":268,"column":4},"end":{"line":286,"column":5}}],"line":268},"54":{"loc":{"start":{"line":270,"column":11},"end":{"line":286,"column":5}},"type":"if","locations":[{"start":{"line":270,"column":11},"end":{"line":286,"column":5}},{"start":{"line":270,"column":11},"end":{"line":286,"column":5}}],"line":270},"55":{"loc":{"start":{"line":272,"column":11},"end":{"line":286,"column":5}},"type":"if","locations":[{"start":{"line":272,"column":11},"end":{"line":286,"column":5}},{"start":{"line":272,"column":11},"end":{"line":286,"column":5}}],"line":272},"56":{"loc":{"start":{"line":274,"column":11},"end":{"line":286,"column":5}},"type":"if","locations":[{"start":{"line":274,"column":11},"end":{"line":286,"column":5}},{"start":{"line":274,"column":11},"end":{"line":286,"column":5}}],"line":274},"57":{"loc":{"start":{"line":278,"column":11},"end":{"line":286,"column":5}},"type":"if","locations":[{"start":{"line":278,"column":11},"end":{"line":286,"column":5}},{"start":{"line":278,"column":11},"end":{"line":286,"column":5}}],"line":278}},"s":{"0":1,"1":1,"2":1,"3":32,"4":32,"5":27,"6":10,"7":10,"8":10,"9":32,"10":12,"11":10,"12":10,"13":10,"14":5,"15":17,"16":5,"17":0,"18":5,"19":5,"20":27,"21":5,"22":2,"23":2,"24":5,"25":1,"26":32,"27":16,"28":16,"29":12,"30":12,"31":4,"32":4,"33":16,"34":5,"35":11,"36":10,"37":10,"38":1,"39":1,"40":30,"41":8,"42":22,"43":1,"44":21,"45":15,"46":15,"47":6,"48":6,"49":6,"50":0,"51":0,"52":9,"53":0,"54":9,"55":2,"56":7,"57":7,"58":7,"59":36,"60":3,"61":33,"62":5,"63":28,"64":28,"65":28,"66":28,"67":5,"68":0,"69":5,"70":1,"71":4,"72":1,"73":3,"74":3,"75":17,"76":1,"77":1,"78":16,"79":16,"80":16,"81":16,"82":17,"83":1,"84":1,"85":16,"86":16,"87":16,"88":16,"89":5,"90":5,"91":1,"92":1,"93":4,"94":1,"95":1,"96":3,"97":1,"98":1,"99":1,"100":2,"101":2,"102":2,"103":2,"104":2,"105":2,"106":0,"107":2,"108":0,"109":2,"110":2,"111":2,"112":2,"113":0,"114":0,"115":5,"116":5,"117":5,"118":5,"119":0,"120":5,"121":5,"122":5,"123":0,"124":0,"125":6,"126":1,"127":5,"128":3,"129":2,"130":0,"131":2,"132":1,"133":1,"134":1,"135":1,"136":1,"137":1,"138":1,"139":12,"140":12,"141":12,"142":12,"143":12,"144":12,"145":142,"146":12,"147":12},"f":{"0":32,"1":32,"2":16,"3":30,"4":9,"5":36,"6":5,"7":17,"8":17,"9":5,"10":2,"11":5,"12":5,"13":6,"14":12},"b":{"0":[27,5],"1":[10,17],"2":[12,20],"3":[32,22],"4":[5,5],"5":[5,12],"6":[0,5],"7":[0,5],"8":[2,3],"9":[16,16],"10":[12,4],"11":[5,11],"12":[10,1],"13":[8,22],"14":[1,21],"15":[15,6],"16":[6,0],"17":[0,9],"18":[2,7],"19":[9,7,7],"20":[0,7],"21":[3,33],"22":[36,35,34,33],"23":[5,28],"24":[0,28],"25":[0,28],"26":[28,28,28],"27":[0,5],"28":[1,4],"29":[1,3],"30":[0,3],"31":[1,16],"32":[0,16],"33":[0,16],"34":[1,16],"35":[0,16],"36":[0,16],"37":[1,4],"38":[1,3],"39":[1,2],"40":[0,2],"41":[0,2],"42":[2,2,2,2,2],"43":[0,2],"44":[0,2],"45":[0,2],"46":[2,0],"47":[0,0],"48":[5,0],"49":[0,0],"50":[5,0],"51":[0,0],"52":[0,0],"53":[1,5],"54":[3,2],"55":[0,2],"56":[1,1],"57":[0,1]},"_coverageSchema":"1a1c01bbd47fc00a2c39e90264f33305004495a9","hash":"d7056ae608b4f6363a50b118e2a5caca12b2c6b2"}
}
