TN:
SF:parser.js
FN:11,emit
FN:71,data
FN:91,tagOpen
FN:112,tagName
FN:134,beforeAttributeName
FN:150,attributeName
FN:164,beforeAttributeValue
FN:178,doubleQuotedAttributeValue
FN:191,singleQuotedAttributeValue
FN:204,UnquotedAttributeValue
FN:226,afterQuotedAttributeValue
FN:242,selfCloseingStartTag
FN:253,endTagOpen
FN:267,afterAttributeName
FN:289,parseHtml
FNF:15
FNH:15
FNDA:32,emit
FNDA:32,data
FNDA:16,tagOpen
FNDA:30,tagName
FNDA:9,beforeAttributeName
FNDA:36,attributeName
FNDA:5,beforeAttributeValue
FNDA:17,doubleQuotedAttributeValue
FNDA:17,singleQuotedAttributeValue
FNDA:5,UnquotedAttributeValue
FNDA:2,afterQuotedAttributeValue
FNDA:5,selfCloseingStartTag
FNDA:5,endTagOpen
FNDA:6,afterAttributeName
FNDA:12,parseHtml
DA:2,1
DA:4,1
DA:6,1
DA:13,32
DA:15,32
DA:17,27
DA:18,10
DA:23,10
DA:25,10
DA:26,32
DA:27,12
DA:34,10
DA:35,10
DA:38,10
DA:39,5
DA:41,17
DA:43,5
DA:45,0
DA:47,5
DA:51,5
DA:54,27
DA:56,5
DA:57,2
DA:61,2
DA:63,5
DA:68,1
DA:72,32
DA:74,16
DA:75,16
DA:77,12
DA:80,12
DA:83,4
DA:87,4
DA:92,16
DA:94,5
DA:95,11
DA:96,10
DA:101,10
DA:103,1
DA:107,1
DA:113,30
DA:115,8
DA:116,22
DA:118,1
DA:119,21
DA:120,15
DA:122,15
DA:123,6
DA:125,6
DA:126,6
DA:128,0
DA:129,0
DA:135,9
DA:136,0
DA:137,9
DA:138,2
DA:139,7
DA:141,7
DA:145,7
DA:151,36
DA:152,3
DA:153,33
DA:154,5
DA:155,28
DA:156,28
DA:158,28
DA:159,28
DA:165,5
DA:166,0
DA:167,5
DA:168,1
DA:169,4
DA:170,1
DA:171,3
DA:173,3
DA:179,17
DA:180,1
DA:181,1
DA:182,16
DA:183,16
DA:185,16
DA:186,16
DA:192,17
DA:193,1
DA:194,1
DA:195,16
DA:196,16
DA:198,16
DA:199,16
DA:205,5
DA:206,5
DA:207,1
DA:208,1
DA:209,4
DA:210,1
DA:211,1
DA:212,3
DA:213,1
DA:214,1
DA:215,1
DA:216,2
DA:217,2
DA:218,2
DA:220,2
DA:221,2
DA:227,2
DA:228,0
DA:229,2
DA:230,0
DA:231,2
DA:232,2
DA:233,2
DA:234,2
DA:235,0
DA:237,0
DA:243,5
DA:245,5
DA:246,5
DA:247,5
DA:248,0
DA:254,5
DA:255,5
DA:259,5
DA:260,0
DA:261,0
DA:268,6
DA:269,1
DA:270,5
DA:271,3
DA:272,2
DA:273,0
DA:274,2
DA:275,1
DA:276,1
DA:277,1
DA:278,1
DA:280,1
DA:281,1
DA:285,1
DA:290,12
DA:291,12
DA:292,12
DA:293,12
DA:295,12
DA:296,12
DA:297,142
DA:299,12
DA:300,12
LF:148
LH:135
BRDA:15,0,0,27
BRDA:15,0,1,5
BRDA:17,1,0,10
BRDA:17,1,1,17
BRDA:26,2,0,12
BRDA:26,2,1,20
BRDA:26,3,0,32
BRDA:26,3,1,22
BRDA:38,4,0,5
BRDA:38,4,1,5
BRDA:41,5,0,5
BRDA:41,5,1,12
BRDA:43,6,0,0
BRDA:43,6,1,5
BRDA:47,7,0,0
BRDA:47,7,1,5
BRDA:56,8,0,2
BRDA:56,8,1,3
BRDA:72,9,0,16
BRDA:72,9,1,16
BRDA:75,10,0,12
BRDA:75,10,1,4
BRDA:92,11,0,5
BRDA:92,11,1,11
BRDA:95,12,0,10
BRDA:95,12,1,1
BRDA:113,13,0,8
BRDA:113,13,1,22
BRDA:116,14,0,1
BRDA:116,14,1,21
BRDA:119,15,0,15
BRDA:119,15,1,6
BRDA:123,16,0,6
BRDA:123,16,1,0
BRDA:135,17,0,0
BRDA:135,17,1,9
BRDA:137,18,0,2
BRDA:137,18,1,7
BRDA:137,19,0,9
BRDA:137,19,1,7
BRDA:137,19,2,7
BRDA:139,20,0,0
BRDA:139,20,1,7
BRDA:151,21,0,3
BRDA:151,21,1,33
BRDA:151,22,0,36
BRDA:151,22,1,35
BRDA:151,22,2,34
BRDA:151,22,3,33
BRDA:153,23,0,5
BRDA:153,23,1,28
BRDA:155,24,0,0
BRDA:155,24,1,28
BRDA:156,25,0,0
BRDA:156,25,1,28
BRDA:156,26,0,28
BRDA:156,26,1,28
BRDA:156,26,2,28
BRDA:165,27,0,0
BRDA:165,27,1,5
BRDA:167,28,0,1
BRDA:167,28,1,4
BRDA:169,29,0,1
BRDA:169,29,1,3
BRDA:171,30,0,0
BRDA:171,30,1,3
BRDA:179,31,0,1
BRDA:179,31,1,16
BRDA:182,32,0,0
BRDA:182,32,1,16
BRDA:183,33,0,0
BRDA:183,33,1,16
BRDA:192,34,0,1
BRDA:192,34,1,16
BRDA:195,35,0,0
BRDA:195,35,1,16
BRDA:196,36,0,0
BRDA:196,36,1,16
BRDA:206,37,0,1
BRDA:206,37,1,4
BRDA:209,38,0,1
BRDA:209,38,1,3
BRDA:212,39,0,1
BRDA:212,39,1,2
BRDA:216,40,0,0
BRDA:216,40,1,2
BRDA:217,41,0,0
BRDA:217,41,1,2
BRDA:217,42,0,2
BRDA:217,42,1,2
BRDA:217,42,2,2
BRDA:217,42,3,2
BRDA:217,42,4,2
BRDA:218,43,0,0
BRDA:218,43,1,2
BRDA:227,44,0,0
BRDA:227,44,1,2
BRDA:229,45,0,0
BRDA:229,45,1,2
BRDA:231,46,0,2
BRDA:231,46,1,0
BRDA:235,47,0,0
BRDA:235,47,1,0
BRDA:243,48,0,5
BRDA:243,48,1,0
BRDA:248,49,0,0
BRDA:248,49,1,0
BRDA:254,50,0,5
BRDA:254,50,1,0
BRDA:260,51,0,0
BRDA:260,51,1,0
BRDA:261,52,0,0
BRDA:261,52,1,0
BRDA:268,53,0,1
BRDA:268,53,1,5
BRDA:270,54,0,3
BRDA:270,54,1,2
BRDA:272,55,0,0
BRDA:272,55,1,2
BRDA:274,56,0,1
BRDA:274,56,1,1
BRDA:278,57,0,0
BRDA:278,57,1,1
BRF:123
BRH:92
end_of_record
